[debug] [2024-10-30T08:59:53.406Z] ----------------------------------------------------------------------
[debug] [2024-10-30T08:59:53.408Z] Command:       /usr/local/bin/firebase /home/luongtx/.cache/firebase/tools/lib/node_modules/firebase-tools/lib/bin/firebase deploy
[debug] [2024-10-30T08:59:53.408Z] CLI Version:   13.23.0
[debug] [2024-10-30T08:59:53.408Z] Platform:      linux
[debug] [2024-10-30T08:59:53.408Z] Node Version:  v18.5.0
[debug] [2024-10-30T08:59:53.409Z] Time:          Wed Oct 30 2024 15:59:53 GMT+0700 (Indochina Time)
[debug] [2024-10-30T08:59:53.409Z] ----------------------------------------------------------------------
[debug] 
[debug] [2024-10-30T08:59:53.473Z] > command requires scopes: ["email","openid","https://www.googleapis.com/auth/cloudplatformprojects.readonly","https://www.googleapis.com/auth/firebase","https://www.googleapis.com/auth/cloud-platform"]
[debug] [2024-10-30T08:59:53.473Z] > authorizing via signed-in user (bii.boom3@gmail.com)
[debug] [2024-10-30T08:59:53.474Z] [iam] checking project spotify-a74af for permissions ["firebase.projects.get","firebasehosting.sites.update"]
[debug] [2024-10-30T08:59:53.475Z] Checked if tokens are valid: true, expires at: 1730280197742
[debug] [2024-10-30T08:59:53.475Z] Checked if tokens are valid: true, expires at: 1730280197742
[debug] [2024-10-30T08:59:53.476Z] >>> [apiv2][query] POST https://cloudresourcemanager.googleapis.com/v1/projects/spotify-a74af:testIamPermissions [none]
[debug] [2024-10-30T08:59:53.476Z] >>> [apiv2][(partial)header] POST https://cloudresourcemanager.googleapis.com/v1/projects/spotify-a74af:testIamPermissions x-goog-quota-user=projects/spotify-a74af
[debug] [2024-10-30T08:59:53.476Z] >>> [apiv2][body] POST https://cloudresourcemanager.googleapis.com/v1/projects/spotify-a74af:testIamPermissions {"permissions":["firebase.projects.get","firebasehosting.sites.update"]}
[debug] [2024-10-30T08:59:55.527Z] <<< [apiv2][status] POST https://cloudresourcemanager.googleapis.com/v1/projects/spotify-a74af:testIamPermissions 200
[debug] [2024-10-30T08:59:55.527Z] <<< [apiv2][body] POST https://cloudresourcemanager.googleapis.com/v1/projects/spotify-a74af:testIamPermissions {"permissions":["firebase.projects.get","firebasehosting.sites.update"]}
[debug] [2024-10-30T08:59:55.528Z] Checked if tokens are valid: true, expires at: 1730280197742
[debug] [2024-10-30T08:59:55.528Z] Checked if tokens are valid: true, expires at: 1730280197742
[debug] [2024-10-30T08:59:55.529Z] >>> [apiv2][query] GET https://firebase.googleapis.com/v1beta1/projects/spotify-a74af [none]
[debug] [2024-10-30T08:59:55.949Z] <<< [apiv2][status] GET https://firebase.googleapis.com/v1beta1/projects/spotify-a74af 200
[debug] [2024-10-30T08:59:55.949Z] <<< [apiv2][body] GET https://firebase.googleapis.com/v1beta1/projects/spotify-a74af {"projectId":"spotify-a74af","projectNumber":"1066175665226","displayName":"Spotify","name":"projects/spotify-a74af","resources":{"hostingSite":"spotify-a74af"},"state":"ACTIVE","etag":"1_387f80a9-0a4d-498c-bf19-9b0c15d27537"}
[info] 
[info] === Deploying to 'spotify-a74af'...
[info] 
[info] i  deploying hosting 
[debug] [2024-10-30T08:59:55.967Z] Checked if tokens are valid: true, expires at: 1730280197742
[debug] [2024-10-30T08:59:55.967Z] Checked if tokens are valid: true, expires at: 1730280197742
[debug] [2024-10-30T08:59:55.967Z] >>> [apiv2][query] POST https://firebasehosting.googleapis.com/v1beta1/projects/-/sites/spotify-a74af/versions [none]
[debug] [2024-10-30T08:59:55.967Z] >>> [apiv2][body] POST https://firebasehosting.googleapis.com/v1beta1/projects/-/sites/spotify-a74af/versions {"status":"CREATED","labels":{"deployment-tool":"cli-firebase"}}
[debug] [2024-10-30T08:59:57.966Z] <<< [apiv2][status] POST https://firebasehosting.googleapis.com/v1beta1/projects/-/sites/spotify-a74af/versions 200
[debug] [2024-10-30T08:59:57.967Z] <<< [apiv2][body] POST https://firebasehosting.googleapis.com/v1beta1/projects/-/sites/spotify-a74af/versions {"name":"projects/1066175665226/sites/spotify-a74af/versions/80b96dfdd4bc8b3d","status":"CREATED","config":{},"labels":{"deployment-tool":"cli-firebase"}}
[info] i  hosting[spotify-a74af]: beginning deploy... 
[info] i  hosting[spotify-a74af]: found 114 files in build 
[debug] [2024-10-30T08:59:58.023Z] [hosting] uploading with 200 concurrency
[debug] [2024-10-30T08:59:58.034Z] Checked if tokens are valid: true, expires at: 1730280197742
[debug] [2024-10-30T08:59:58.034Z] Checked if tokens are valid: true, expires at: 1730280197742
[debug] [2024-10-30T08:59:58.035Z] [hosting] hash cache [YnVpbGQ] stored for 114 files
[debug] [2024-10-30T08:59:58.035Z] [hosting][hash queue][FINAL] {"max":8,"min":0,"avg":0.5898334680155325,"active":0,"complete":114,"success":114,"errored":0,"retried":0,"total":114,"elapsed":10}
[debug] [2024-10-30T08:59:58.035Z] >>> [apiv2][query] POST https://firebasehosting.googleapis.com/v1beta1/projects/1066175665226/sites/spotify-a74af/versions/80b96dfdd4bc8b3d:populateFiles [none]
[debug] [2024-10-30T08:59:58.036Z] >>> [apiv2][body] POST https://firebasehosting.googleapis.com/v1beta1/projects/1066175665226/sites/spotify-a74af/versions/80b96dfdd4bc8b3d:populateFiles {"files":{"/robots.txt":"2544ca049f223a42bff01f72ad930a5edba75bbb7199d0f8430a02ff5aca16ec","/manifest.json":"0958a5e0c831126100c8c2d06a6bbaa665a3900f21aaff4130238a6f5a113aa1","/logo512.png":"7779210d56c1f3741e2e487799fe3092def4fa6ac450a60532b807c3a8971205","/logo192.png":"76c449ccb9cd117c2f2338f091b18f7050f3210e249b2228f5c81b23f34377cd","/favicon.ico":"c599b7a91ab3627e3538125d9f40adc2d4bf949046984262670545dc7738af06","/asset-manifest.json":"672b66e9dfb9a6cf0b7454a5c1e5c87e3b8160da293266cb4787e5e3b781aa6d","/404.html":"ba8ee83b23faefd821c72b5ebdf3b9ea3240ee520fdaad37803194ca2f1f6501","/static/media/search.0b32423ea47cc73db8ba94dc7a1cc821.svg":"c916e4a7c1e0deda5e0da0d40a6dcc9ac8f38c53d0d6556f8813a616786f6d06","/static/media/register_img.c1c9002022197c05b7d2.png":"95eac5ad58dcb9a2203df99ae485d5d625b635d2eba5da3cb780ba89ca30cba1","/static/media/play_all.ef401ab229121c59b2b4437fab8962fc.svg":"a81b39860d3c85c37d3a939ceb583774e9f50f54da26312e452be8747558ddbc","/static/media/play.38112484b995a2cd9e23d8a40d932fb2.svg":"094c0b2fa7cd04d3374b499b89f1186986565a4583a2327bd23ab909bca1d989","/static/media/pause_all.cbc73c6d057b6143a0194661d43f12fc.svg":"57d7fd087061a0480a055d23aba374d0bd044fa11e8b083e02f6380de54cc249","/static/media/more.4d67b09363fb9808038da992f7dbdb9a.svg":"ffaff62d1df0cc07a83d089543b03b42d1fbe8e64ee13be456b97eac010dc7c2","/static/media/loader.01d978c433b8c46da2a7.gif":"6c500d0dd7ba5f3e9eba9ea92592601ed30fd31e5c8689f3ce3b3d1c3c3a2fdb","/static/media/close.4d6074508bcbdb51ab912c814fff7542.svg":"542359416f90ab4185be8eaec1c4ce9b30a3f8e1586c37473d9f7b776c0ef067","/static/media/banner.d40c4ec40951354c7b5f.png":"8703ff1f6df73084f89aa425e8acf6f3a87a60ee014a39f986a24aa63baaf6a4","/static/media/album1.6613faddef7f6ba6bd2c.jpg":"487f40801902fb5e1d0ece5c49c728e46b2ff2abbe7b421fc8858d05016a441c","/static/media/adv.099e2d48eb2ad17487e0.jpg":"6f21e04cea79ea6217951e6a8616de78a0f293949399694d84c3b82dacc5b1eb","/static/media/add_q.adb4940f85619b3646287604f326dc51.svg":"01ea4e203c4e59ee78455caaccc84d5227dd6ccd0be77d5669d56010947a3770","/static/media/6.0dcf6d5d53460e820aa6.jpg":"62176336de1ea615e0615408f0f9eb4b7d6568a6ef6cf94842771aef270ead23","/static/media/5.f36618066424520ecdac.jpg":"4e564ea2acb0ff66caab0ed40f46c3b20b106d0bfbe0024452da23cc68a605a7","/static/media/4.44a95982a8f5bb24ac8c.jpg":"3387568fa322f523397049dd7c1b1db55195c8c668c159bd01f59fd0dfe6dfec","/static/media/3.fe1a9c5525242bc000af.jpg":"adf6c8b0e28543a39731f37adae1b7e412bac197826926d72d40e5e4c23e711f","/static/media/2.f36618066424520ecdac.jpg":"4e564ea2acb0ff66caab0ed40f46c3b20b106d0bfbe0024452da23cc68a605a7","/static/media/1.118972450ea8d573369e.jpg":"26592ee76262ce1a4db028bf72ee31a0c571074de8e8dfd1543403647f755c7d","/static/js/main.bfb669f0.js.map":"0289d654f0baf193ff1cbb9e846d69fd77866711dc5eb28de5df24d94324670a","/static/js/main.bfb669f0.js.LICENSE.txt":"c246320d178bf00473ba5bc2a7debc7d799965c5b1eed9b84560578ea6d36c2b","/static/js/main.bfb669f0.js":"b376305acf5e57d628add992f5906ae54482ef791c4b865ec94fb60bb3fd5741","/static/js/453.12b50c53.chunk.js.map":"ac6b097877952a28720063e86d08c986c89e78fae9a9d2df8924f156964ba9a7","/static/js/453.12b50c53.chunk.js":"5fbea303f9c806e895a560ae44fe5cd7bf6abc0b537ac987620b42fcdeb727bc","/static/css/main.c815d878.css.map":"44330a4868ff870fd251aad558357c4209ca6cde894e28ca07aa45e257e466a0","/static/css/main.c815d878.css":"c70a370a5f9abdd2a379e2bdc79af9a3c29d4fa9ce351fbb870a6e1c46b6f91f","/resources/js/jquery.mousewheel.min.js":"3d49172686a07913ae8073c0c18381fe3f42c1073d3c8d60a5e160f283221adc","/resources/js/jquery.js":"522119325b94a5edd47e860a1d81206bb58fe6479959bb40c255449b57aac034","/resources/js/custom.js":"af1d19e93a94e9d0186dbe19f552809ac3f04c6e1780261243a8716c1e3b6048","/resources/js/bootstrap.min.js":"d9d6faa8b6757673433b0a9b349145a18c08d23636bf5311cf003e66a287d674","/resources/js/plugins/swiper/js/swiper.min.js":"9606e7b7cfc08ef4f64d715c20080853bd7befa97c87368aa198a82cc2239901","/resources/js/plugins/swiper/css/swiper.min.css":"9bd89e61f77db36dd4d6075005502afb96c2983778a488178f1484643f857882","/resources/js/plugins/scroll/mCSB_buttons.html":"9fcbf725ae26803d9cd2cea7405223b0ec2990c0c89d38b6c392201dead7fa7e","/resources/js/plugins/scroll/jquery.mCustomScrollbar.js":"c48e85e8971c96a8030152f289b669dfe33af8d7665a8360a62c17faff4424cc","/resources/js/plugins/scroll/jquery.mCustomScrollbar.css":"f34b05606a4e4b4b710691c2c8d3d343a65c7bbc7c3408107fde1d212067ec18","/resources/js/plugins/player/volume.js":"45913e4b6686358a8ceba66ced08768438afbc1ece9f0056f126b29bdc2efe39","/resources/js/plugins/player/volume.css":"d4f396755670b9463c448258153d9fa5bd0a6f9314d82e7212a8e9d0a55d8a37","/resources/js/plugins/player/jquery.jplayer.min.js":"4da6c649739532fdfc20d202a82ca911d660ba7c21a5727c19b1ebc4378437bb","/resources/js/plugins/player/audio-player.js":"b3b3c0827cd61a6eef2f7cdd583ff5863c4dc09ffe9274e28348f6b011726e5e","/resources/js/plugins/nice_select/nice-select.css":"4a18fb9d2fae43c8a0cf5108727403720eb072871ac0548ff3ce5cc63a94f45a","/resources/js/plugins/nice_select/jquery.nice-select.min.js":"f47d1aabcdbb1873ffb7126f4c646c410ba1b10ba58cf731210bd181ac7166ee","/resources/image/windows.jpg":"14db972df8d7d6c50439c3acb429351c49d201e034837f3520abac4fdd4da74e","/resources/image/user4.jpg":"32607007e83def249a33b6361c372824555cd7bd6776c5f8ba54bd567d259459","/resources/image/user3.jpg":"908ccd783403a6a98f417a71f41adbfe788ed5bf30911dd520c257a57ff3c8ca","/resources/image/user2.jpg":"b5c8c792649c6abdd7aadbf54f13fead7dc2799dae05f9698fb00479b3555b4f","/resources/image/user1.jpg":"4d79a07824ee2c3eb08b144feb2b92c6db64c8a9fb556f85fb8f56818bb9dcdb","/resources/image/register_img.png":"95eac5ad58dcb9a2203df99ae485d5d625b635d2eba5da3cb780ba89ca30cba1","/resources/image/pro_img.jpg":"16cadea0c1faa05c867886821db3c35e725967a6d8a8dd0cae553bff5cee7961","/resources/image/player_bg.jpg":"a66bfde2b102cc7a82761941251ee82d5ac7142ae00ed7c55614ae532e1d9c66","/resources/image/plan_icon3.png":"7f11eb10ec27b8fef30a00d42db8dac1f5a57db76f4d6c9349a7e76f3c1450ef","/resources/image/plan_icon2.png":"d7665093bd3a115c79a40b0a6e3aeb9df7f0e7e4d15266f9dcb1a0e95f83ebd5","/resources/image/plan_icon1.png":"6c331d531ea01ef168163427d7754c7bb82086e751d1aa4a2f39326d9a6698f2","/resources/image/open_logo.png":"96ff8fdcf974facedbb4ffd4e1ffdd7c121763c26f007f10fed96d630de0a437","/resources/image/logo.png":"7dd67aceb7e37f2a7b204fe7e996a2eea522d67c31c4f587de37b2d40b2bd3cd","/resources/image/loader.gif":"6c500d0dd7ba5f3e9eba9ea92592601ed30fd31e5c8689f3ce3b3d1c3c3a2fdb","/resources/image/google_play.jpg":"067bbd711dbc6ab92751166d973679dd9b1358640c3a3b6c4e5d66344a9b10bd","/resources/image/footer_bg.png":"88885ccee4e927555d322c39a3cc521713ba092a648b94e2a7b7681a6d606e8b","/resources/image/favicon.png":"567fbea1e27fdcbfcd2ebc99c555b79b9bdfbe292d8e76e7d9bd6fa4b0c94d7f","/resources/image/banner.png":"8703ff1f6df73084f89aa425e8acf6f3a87a60ee014a39f986a24aa63baaf6a4","/resources/image/app_store.jpg":"26456b630a0d744be34a875a42f8dfbf18006e6c901bf4cf4bcb2868712f37b8","/resources/image/adv1.jpg":"9ebb451420ae82f4c49c172b6a5e45bf579b9192cb313869d3aa4f79c3cd2e28","/resources/image/adv.jpg":"6f21e04cea79ea6217951e6a8616de78a0f293949399694d84c3b82dacc5b1eb","/resources/image/svg/volume.svg":"19d2d64ec79840f8ef6567f519f42b13056ec451b9ecbe6cbd17260daed0d3fb","/resources/image/svg/upload.svg":"2535cd52bf9ab5ed41a080fa7957212435bfaf0f9477a0162b236b8a431a4c39","/resources/image/svg/sound.svg":"f96e35afc7695399a3aac4fc41eb8066ac8924b7385ee9a5a316c6440f6fd33f","/resources/image/svg/share.svg":"f5077ce6e455197f074657879a8bf382873bfbf2cba72884d1ddf10c6becd1a8","/resources/image/svg/search.svg":"e59c269e0f3ecd8067cb462a79ca79c58e8a8ac99f8e654558a3c74c7d9b6d42","/resources/image/svg/right_arrow.svg":"80fa299e502c3b59db1e93d8dc9b37f9e602d3ba4531fcb7cad6eda08464ab8b","/resources/image/svg/quote.svg":"7477927b65a4353ba729f71b49a7a18350254b9dcafe55b303b0e01b5b75f4d3","/resources/image/svg/play_icon.svg":"a34c1244435bd81a723f2f3b87f32b4ea06754635e1e03dbd5bebfd4c943d036","/resources/image/svg/play_all.svg":"2f0c30ff72c1be26fe966fbbbbbf0e3c6359932752309d3837f92c0caa9bbd8e","/resources/image/svg/play.svg":"6ae17fdda17a4167044407e2e0e4a89f9863b0644ba02bd5baa3fb92f37ea4da","/resources/image/svg/phone.svg":"9c3531b279f1eb3a0606f0501f3b9779f6799d6c9250f3dce2f4f06a3495ffe9","/resources/image/svg/pause_all.svg":"7798916d98e9906c1e57f9d51ea22761f47ba52755c3c986e3ee90624fcc8dcc","/resources/image/svg/more.svg":"23147d26218127eaacead5e9f7c5ce4537f5933a1a85b73d7f8addf31515655c","/resources/image/svg/message.svg":"70a869a89c9dbd68defca67a63f07dc2fe79b5f5c1d018d4de853c8d3d0f1fed","/resources/image/svg/left_arrow.svg":"e34c1f15a5ee32208f716a80d679e4bc166403badfc349b5a1db5daf21331296","/resources/image/svg/lang.svg":"300d98f8a75dabfba726acb11784aa58501a40d0f67368dd19be26e5c3a9179f","/resources/image/svg/icon.svg":"356909729a043163758ff382252e45361734f09299b79dd07e401c42619d8cb0","/resources/image/svg/close.svg":"cc3e3ce707bbe32f0e16a26c5704218ff0ac2b4fbf058879af1b05b731ca3310","/resources/image/svg/add_q.svg":"277b5e0b34751d041a4d6ed9f707923797b45e7077ca5727501fa0d69b155f89","/resources/image/svg/add.svg":"38a1d403f3c6c2071c91c42fc3472d938c53e65acb912796d97233590e7e6b1e","/resources/fonts/fontawesome-webfontd41d.eot":"57bf392fce6fab9ad8d0c1c3a92fdcdf61bda7959c467ebdbf9d3b4dcd9b8080","/resources/fonts/fontawesome-webfont3e6e.woff2":"75408058f6c8f9bfcc2e90568ed90df3f6fb09b3c3ee1a8303a4afd3ac0bc921","/resources/fonts/fontawesome-webfont3e6e.woff":"4eef8bd2ec905087d7b4ac221dfd85d36d8c1f05d8de2915ecf4351dde4b701e","/resources/fonts/fontawesome-webfont3e6e.ttf":"64aa5f058bdf4b13431435cc4e8efb81c8ffd4db066748fd0cc824a57fba74de","/resources/fonts/fontawesome-webfont3e6e.svg":"712dd79e06a2a5e7c693fe6f926bef5f7ac278183f910ce1fc5b4c27b6488091","/resources/fonts/fontawesome-webfont3e6e.eot":"57bf392fce6fab9ad8d0c1c3a92fdcdf61bda7959c467ebdbf9d3b4dcd9b8080","/resources/fonts/JosefinSans-Thin.woff2":"cdb445ae55e1ef85294301256e43c0a2cf2a0ad8bd3bd10ef4501d2ccb30f61a","/resources/fonts/JosefinSans-Thin.woff":"9907e531d8506e08f2778c06d1d2dd05d4a0460191ca4a59e4de4a1b305f0ac8","/resources/fonts/JosefinSans-Thin.eot":"485f1787232fab471750f04935de3ddf771857c4c69cceb87ad084c14df46050","/resources/fonts/JosefinSans-SemiBold.woff2":"c1682618008f4a7eea4c3d6892d6bf787ca16c5561b2154a1fa0291cd2cb299b","/resources/fonts/JosefinSans-SemiBold.woff":"794ae225970bb283a54864a946d268f2a8e3ba978d502540e6b245cc065aaa31","/resources/fonts/JosefinSans-SemiBold.eot":"6c3f187adc63253b9a9f28a2613d99a3cf5cf9f56a369618c749b08e832c6428","/resources/fonts/JosefinSans-Regular.woff2":"7dd43f4e24afd8ebe11ff12486f1f398fa1333708c6c12ba0495d1717a7def59","/resources/fonts/JosefinSans-Regular.woff":"a96e97d2e354601dcb1f9880106218f487a8771cb7f74d41d6039bc21e294ba7","/resources/fonts/JosefinSans-Regular.eot":"9ef7fd78eca4f657911c2ae5712e9cb363e24a20b30ed6ce06922fc6579aa912","/resources/fonts/JosefinSans-Light.woff2":"7651503107f0a70329ca5f71f3b38c5f5db639f23710f1bb3ad60186eb3807d9","/resources/fonts/JosefinSans-Light.woff":"1c758eb6bc3afae1fac87188b07c2535f75e748e04a029d8975d98964b6c14b8","/resources/fonts/JosefinSans-Light.eot":"93a4483ef08f3dd72c5953045048964eabe740f093a41ce0b7abfd91d7451764","/resources/fonts/JosefinSans-Bold.woff2":"e04269d2eb9624c887defd67c34ff3f8256dc92a5155e84534a96c5280407bf9","/resources/fonts/JosefinSans-Bold.woff":"7ca12394b6a147d006d3ef34df75e9d94d6f805c400ae7e2dea9d0fb4edab06f","/resources/fonts/JosefinSans-Bold.eot":"38db47a360e3aaf7e0af50624bf1f3245b4c3853e0cb5e275afa4990200204f4","/resources/css/style.css":"ba8fa86f4f34a3e56fd818d187ddc6818dedc510c1ed60b5a2f039a467b1f5ec","/resources/css/fonts.css":"22375e58b9567b5c45a7aa1a313374895c0c759d62366c0ddd6ef2e5c5023f6d","/resources/css/font-awesome.min.css":"41b97a5572cfc7bde8b6b059e73860ff3e2c262d54c494c89705b98a1c9ed238","/resources/css/bootstrap.css":"2f8b576c92123863de0cd35b00ee15f7b17fb504fda0058d5542cc8ac5f3367c","/index.html":"5774a996ba75281bea4b0214f04f7b13eb0bd90289489126cb0c89afcca6801e"}}
[debug] [2024-10-30T08:59:59.699Z] <<< [apiv2][status] POST https://firebasehosting.googleapis.com/v1beta1/projects/1066175665226/sites/spotify-a74af/versions/80b96dfdd4bc8b3d:populateFiles 200
[debug] [2024-10-30T08:59:59.699Z] <<< [apiv2][body] POST https://firebasehosting.googleapis.com/v1beta1/projects/1066175665226/sites/spotify-a74af/versions/80b96dfdd4bc8b3d:populateFiles {"uploadRequiredHashes":["5774a996ba75281bea4b0214f04f7b13eb0bd90289489126cb0c89afcca6801e"],"uploadUrl":"https://upload-firebasehosting.googleapis.com/upload/sites/spotify-a74af/versions/80b96dfdd4bc8b3d/files"}
[debug] [2024-10-30T08:59:59.701Z] Checked if tokens are valid: true, expires at: 1730280197742
[debug] [2024-10-30T08:59:59.701Z] Checked if tokens are valid: true, expires at: 1730280197742
[debug] [2024-10-30T08:59:59.702Z] >>> [apiv2][query] POST https://upload-firebasehosting.googleapis.com/upload/sites/spotify-a74af/versions/80b96dfdd4bc8b3d/files/5774a996ba75281bea4b0214f04f7b13eb0bd90289489126cb0c89afcca6801e [none]
[debug] [2024-10-30T08:59:59.702Z] >>> [apiv2][body] POST https://upload-firebasehosting.googleapis.com/upload/sites/spotify-a74af/versions/80b96dfdd4bc8b3d/files/5774a996ba75281bea4b0214f04f7b13eb0bd90289489126cb0c89afcca6801e [stream]
[debug] [2024-10-30T08:59:59.705Z] [hosting][populate queue][FINAL] {"max":1667,"min":1667,"avg":1667,"active":0,"complete":1,"success":1,"errored":0,"retried":0,"total":1,"elapsed":1671}
[debug] [2024-10-30T08:59:59.706Z] [hosting] uploads queued: 1
[debug] [2024-10-30T09:00:00.819Z] <<< [apiv2][status] POST https://upload-firebasehosting.googleapis.com/upload/sites/spotify-a74af/versions/80b96dfdd4bc8b3d/files/5774a996ba75281bea4b0214f04f7b13eb0bd90289489126cb0c89afcca6801e 200
[debug] [2024-10-30T09:00:00.820Z] <<< [apiv2][body] POST https://upload-firebasehosting.googleapis.com/upload/sites/spotify-a74af/versions/80b96dfdd4bc8b3d/files/5774a996ba75281bea4b0214f04f7b13eb0bd90289489126cb0c89afcca6801e [stream]
[debug] [2024-10-30T09:00:00.820Z] [hosting][upload queue][FINAL] {"max":1120,"min":1120,"avg":1120,"active":0,"complete":1,"success":1,"errored":0,"retried":0,"total":1,"elapsed":1120}
[info] ✔  hosting[spotify-a74af]: file upload complete 
[debug] [2024-10-30T09:00:00.821Z] [hosting] deploy completed after 2847ms
[debug] [2024-10-30T09:00:00.821Z] [
  {
    "config": {
      "public": "build",
      "ignore": [
        "firebase.json",
        "**/.*",
        "**/node_modules/**"
      ],
      "site": "spotify-a74af"
    },
    "version": "projects/1066175665226/sites/spotify-a74af/versions/80b96dfdd4bc8b3d"
  }
]
[info] i  hosting[spotify-a74af]: finalizing version... 
[debug] [2024-10-30T09:00:00.823Z] Checked if tokens are valid: true, expires at: 1730280197742
[debug] [2024-10-30T09:00:00.823Z] Checked if tokens are valid: true, expires at: 1730280197742
[debug] [2024-10-30T09:00:00.824Z] >>> [apiv2][query] PATCH https://firebasehosting.googleapis.com/v1beta1/projects/-/sites/spotify-a74af/versions/80b96dfdd4bc8b3d updateMask=status%2Cconfig
[debug] [2024-10-30T09:00:00.824Z] >>> [apiv2][body] PATCH https://firebasehosting.googleapis.com/v1beta1/projects/-/sites/spotify-a74af/versions/80b96dfdd4bc8b3d {"status":"FINALIZED","config":{}}
[debug] [2024-10-30T09:00:04.531Z] <<< [apiv2][status] PATCH https://firebasehosting.googleapis.com/v1beta1/projects/-/sites/spotify-a74af/versions/80b96dfdd4bc8b3d 200
[debug] [2024-10-30T09:00:04.531Z] <<< [apiv2][body] PATCH https://firebasehosting.googleapis.com/v1beta1/projects/-/sites/spotify-a74af/versions/80b96dfdd4bc8b3d {"name":"projects/1066175665226/sites/spotify-a74af/versions/80b96dfdd4bc8b3d","status":"FINALIZED","config":{},"labels":{"deployment-tool":"cli-firebase"},"createTime":"2024-10-30T08:59:57.612787Z","createUser":{"email":"bii.boom3@gmail.com"},"finalizeTime":"2024-10-30T09:00:04.366627Z","finalizeUser":{"email":"bii.boom3@gmail.com"}}
[debug] [2024-10-30T09:00:04.531Z] [hosting] finalized version for spotify-a74af:[object Object]
[info] ✔  hosting[spotify-a74af]: version finalized 
[info] i  hosting[spotify-a74af]: releasing new version... 
[debug] [2024-10-30T09:00:04.532Z] Checked if tokens are valid: true, expires at: 1730280197742
[debug] [2024-10-30T09:00:04.532Z] Checked if tokens are valid: true, expires at: 1730280197742
[debug] [2024-10-30T09:00:04.532Z] >>> [apiv2][query] POST https://firebasehosting.googleapis.com/v1beta1/projects/-/sites/spotify-a74af/channels/live/releases versionName=projects%2F1066175665226%2Fsites%2Fspotify-a74af%2Fversions%2F80b96dfdd4bc8b3d
[debug] [2024-10-30T09:00:04.532Z] >>> [apiv2][body] POST https://firebasehosting.googleapis.com/v1beta1/projects/-/sites/spotify-a74af/channels/live/releases {}
[debug] [2024-10-30T09:00:05.362Z] <<< [apiv2][status] POST https://firebasehosting.googleapis.com/v1beta1/projects/-/sites/spotify-a74af/channels/live/releases 200
[debug] [2024-10-30T09:00:05.363Z] <<< [apiv2][body] POST https://firebasehosting.googleapis.com/v1beta1/projects/-/sites/spotify-a74af/channels/live/releases {"name":"projects/1066175665226/sites/spotify-a74af/channels/live/releases/1730278804622000","version":{"name":"projects/1066175665226/sites/spotify-a74af/versions/80b96dfdd4bc8b3d","status":"FINALIZED","config":{},"labels":{"deployment-tool":"cli-firebase"},"createTime":"2024-10-30T08:59:57.612787Z","createUser":{"email":"bii.boom3@gmail.com","imageUrl":"https://lh3.googleusercontent.com/a/ACg8ocLUX-9xlm5Kcc-gWekvDRKg4kpEIOaca3LUZrP5KxeGZcqU5eYe"},"finalizeTime":"2024-10-30T09:00:04.366627Z","finalizeUser":{"email":"bii.boom3@gmail.com","imageUrl":"https://lh3.googleusercontent.com/a/ACg8ocLUX-9xlm5Kcc-gWekvDRKg4kpEIOaca3LUZrP5KxeGZcqU5eYe"}},"type":"DEPLOY","releaseTime":"2024-10-30T09:00:04.622Z","releaseUser":{"email":"bii.boom3@gmail.com","imageUrl":"https://lh3.googleusercontent.com/a/ACg8ocLUX-9xlm5Kcc-gWekvDRKg4kpEIOaca3LUZrP5KxeGZcqU5eYe"}}
[debug] [2024-10-30T09:00:05.363Z] [hosting] release: {"name":"projects/1066175665226/sites/spotify-a74af/channels/live/releases/1730278804622000","version":{"name":"projects/1066175665226/sites/spotify-a74af/versions/80b96dfdd4bc8b3d","status":"FINALIZED","config":{},"labels":{"deployment-tool":"cli-firebase"},"createTime":"2024-10-30T08:59:57.612787Z","createUser":{"email":"bii.boom3@gmail.com","imageUrl":"https://lh3.googleusercontent.com/a/ACg8ocLUX-9xlm5Kcc-gWekvDRKg4kpEIOaca3LUZrP5KxeGZcqU5eYe"},"finalizeTime":"2024-10-30T09:00:04.366627Z","finalizeUser":{"email":"bii.boom3@gmail.com","imageUrl":"https://lh3.googleusercontent.com/a/ACg8ocLUX-9xlm5Kcc-gWekvDRKg4kpEIOaca3LUZrP5KxeGZcqU5eYe"}},"type":"DEPLOY","releaseTime":"2024-10-30T09:00:04.622Z","releaseUser":{"email":"bii.boom3@gmail.com","imageUrl":"https://lh3.googleusercontent.com/a/ACg8ocLUX-9xlm5Kcc-gWekvDRKg4kpEIOaca3LUZrP5KxeGZcqU5eYe"}}
[info] ✔  hosting[spotify-a74af]: release complete 
[info] 
[info] ✔  Deploy complete! 
[info] 
[info] Project Console: https://console.firebase.google.com/project/spotify-a74af/overview
[info] Hosting URL: https://spotify-a74af.web.app
[debug] [2024-10-30T09:02:26.285Z] Error: Timed out.
    at Timeout._onTimeout (/home/luongtx/.cache/firebase/tools/lib/node_modules/firebase-tools/lib/utils.js:268:49)
    at listOnTimeout (node:internal/timers:564:17)
    at process.processTimers (node:internal/timers:507:7)
[error] 
[error] Error: An unexpected error has occurred.
